<?xml version="1.0" encoding="UTF-8"?>
<!-- Generated by org.testng.reporters.JUnitReportReporter -->
<testsuite hostname="predator" failures="0" tests="1" name="scripts.TestCase" time="61.174" errors="0" timestamp="5 Dec 2022 12:45:24 GMT">
  <testcase classname="scripts.TestCase" name="tc_1" time="61.174"/>
</testsuite> <!-- scripts.TestCase -->
