<?xml version="1.0" encoding="UTF-8"?>
<!-- Generated by org.testng.reporters.JUnitReportReporter -->
<testsuite hostname="Gaurav3152712" failures="0" tests="1" name="scripts.TestCase" time="1.283" errors="0" timestamp="24 Nov 2022 12:04:27 GMT">
  <testcase classname="scripts.TestCase" name="tc_1" time="1.283"/>
</testsuite> <!-- scripts.TestCase -->
